exec->(-1, -1)
{->(-1, -1)
number->(-1, -1)
identifier->(10, 0)
;->(-1, -1)
read->(-1, -1)
(->(-1, -1)
identifier->(10, 0)
)->(-1, -1)
;->(-1, -1)
number->(-1, -1)
identifier->(3, 0)
;->(-1, -1)
string->(-1, -1)
identifier->(2, 0)
;->(-1, -1)
identifier->(3, 0)
=->(-1, -1)
constant->(1, 0)
;->(-1, -1)
if->(-1, -1)
(->(-1, -1)
identifier->(10, 0)
<=->(-1, -1)
constant->(1, 0)
)->(-1, -1)
{->(-1, -1)
identifier->(3, 0)
=->(-1, -1)
constant->(0, 0)
;->(-1, -1)
}->(-1, -1)
if->(-1, -1)
(->(-1, -1)
identifier->(10, 0)
%->(-1, -1)
constant->(2, 1)
==->(-1, -1)
constant->(0, 0)
and->(-1, -1)
identifier->(10, 0)
!=->(-1, -1)
constant->(2, 1)
)->(-1, -1)
{->(-1, -1)
identifier->(3, 0)
=->(-1, -1)
constant->(0, 0)
;->(-1, -1)
}->(-1, -1)
number->(-1, -1)
identifier->(0, 1)
;->(-1, -1)
identifier->(0, 1)
=->(-1, -1)
constant->(3, 1)
;->(-1, -1)
while->(-1, -1)
(->(-1, -1)
identifier->(0, 1)
*->(-1, -1)
identifier->(0, 1)
<=->(-1, -1)
identifier->(10, 0)
)->(-1, -1)
{->(-1, -1)
if->(-1, -1)
(->(-1, -1)
identifier->(0, 1)
*->(-1, -1)
identifier->(0, 1)
<=->(-1, -1)
identifier->(10, 0)
)->(-1, -1)
{->(-1, -1)
identifier->(3, 0)
=->(-1, -1)
constant->(0, 0)
;->(-1, -1)
}->(-1, -1)
identifier->(0, 1)
=->(-1, -1)
identifier->(0, 1)
+->(-1, -1)
constant->(2, 1)
;->(-1, -1)
}->(-1, -1)
if->(-1, -1)
(->(-1, -1)
identifier->(3, 0)
==->(-1, -1)
constant->(1, 0)
)->(-1, -1)
{->(-1, -1)
identifier->(2, 0)
=->(-1, -1)
constant->(5, 0)
;->(-1, -1)
}->(-1, -1)
else->(-1, -1)
{->(-1, -1)
identifier->(2, 0)
=->(-1, -1)
constant->(0, 2)
;->(-1, -1)
}->(-1, -1)
write->(-1, -1)
(->(-1, -1)
identifier->(2, 0)
)->(-1, -1)
;->(-1, -1)
}->(-1, -1)
